<?xml version="1.0" encoding="UTF-8"?>
<robot generated="20140205 13:41:12.244" generator="Robot 2.8.3 (Python 2.7.5+ on linux2)">
<suite source="/home/jan/work/edeposit.amqp.aleph/src/edeposit/amqp/aleph/tests" id="s1" name="Tests">
<suite source="/home/jan/work/edeposit.amqp.aleph/src/edeposit/amqp/aleph/tests/test_configuration.txt" id="s1-s1" name="Test Configuration">
<test id="s1-s1-t1" name="Konfigurační soubor">
<kw type="kw" name="OperatingSystem.Should Exist">
<doc>Fails unless the given path (file or directory) exists.</doc>
<arguments>
<arg>src/edeposit/amqp/aleph/settings.py</arg>
</arguments>
<msg timestamp="20140205 13:41:12.321" html="yes" level="INFO">Path '&lt;a href="file:///home/jan/work/edeposit.amqp.aleph/src/edeposit/amqp/aleph/settings.py"&gt;/home/jan/work/edeposit.amqp.aleph/src/edeposit/amqp/aleph/settings.py&lt;/a&gt;' exists</msg>
<status status="PASS" endtime="20140205 13:41:12.321" starttime="20140205 13:41:12.320"></status>
</kw>
<doc></doc>
<tags>
</tags>
<status status="PASS" endtime="20140205 13:41:12.321" critical="yes" starttime="20140205 13:41:12.320"></status>
</test>
<test id="s1-s1-t2" name="Cesta k alephu">
<kw type="kw" name="Variable presented">
<doc></doc>
<arguments>
<arg>src/edeposit/amqp/aleph/settings.py</arg>
<arg>ALEPH_URL</arg>
</arguments>
<msg timestamp="20140205 13:41:12.322" level="FAIL">No keyword with name 'Variable presented' found.</msg>
<status status="FAIL" endtime="20140205 13:41:12.322" starttime="20140205 13:41:12.322"></status>
</kw>
<doc></doc>
<tags>
</tags>
<status status="FAIL" endtime="20140205 13:41:12.322" critical="yes" starttime="20140205 13:41:12.321">No keyword with name 'Variable presented' found.</status>
</test>
<test id="s1-s1-t3" name="Adresář pro export do Alephu">
<kw type="kw" name="Variable presented">
<doc></doc>
<arguments>
<arg>src/edeposit/amqp/aleph/settings.py</arg>
<arg>PATH_OF_EXPORT_DIRECTORY</arg>
</arguments>
<msg timestamp="20140205 13:41:12.323" level="FAIL">No keyword with name 'Variable presented' found.</msg>
<status status="FAIL" endtime="20140205 13:41:12.323" starttime="20140205 13:41:12.322"></status>
</kw>
<doc></doc>
<tags>
</tags>
<status status="FAIL" endtime="20140205 13:41:12.323" critical="yes" starttime="20140205 13:41:12.322">No keyword with name 'Variable presented' found.</status>
</test>
<test id="s1-s1-t4" name="Adresář pro zalohu exportu do Alephu">
<kw type="kw" name="Variable presented">
<doc></doc>
<arguments>
<arg>src/edeposit/amqp/aleph/settings.py</arg>
<arg>PATH_OF_BACKUP_DIRECTORY</arg>
</arguments>
<msg timestamp="20140205 13:41:12.323" level="FAIL">No keyword with name 'Variable presented' found.</msg>
<status status="FAIL" endtime="20140205 13:41:12.323" starttime="20140205 13:41:12.323"></status>
</kw>
<doc></doc>
<tags>
</tags>
<status status="FAIL" endtime="20140205 13:41:12.324" critical="yes" starttime="20140205 13:41:12.323">No keyword with name 'Variable presented' found.</status>
</test>
<test id="s1-s1-t5" name="Konfigurace pro vstupní exchange v RabbitMQ">
<kw type="kw" name="Variable presented">
<doc></doc>
<arguments>
<arg>src/edeposit/amqp/aleph/settings.py</arg>
<arg>INPUT_EXCHANGE_FOR_ALEPH_IMPORT</arg>
</arguments>
<msg timestamp="20140205 13:41:12.324" level="FAIL">No keyword with name 'Variable presented' found.</msg>
<status status="FAIL" endtime="20140205 13:41:12.324" starttime="20140205 13:41:12.324"></status>
</kw>
<doc>Jméno exchange, kam se budou posílat žádosti na export do Alephu</doc>
<tags>
</tags>
<status status="FAIL" endtime="20140205 13:41:12.325" critical="yes" starttime="20140205 13:41:12.324">No keyword with name 'Variable presented' found.</status>
</test>
<test id="s1-s1-t6" name="Konfigurace pro exchange v RabbitMQ pro odpovědi">
<kw type="kw" name="Variable presented">
<doc></doc>
<arguments>
<arg>src/edeposit/amqp/aleph/settings.py</arg>
<arg>OUTPUT_EXCHANGE_FOR_ALEPH_IMPORT_RESPONSE</arg>
</arguments>
<msg timestamp="20140205 13:41:12.326" level="FAIL">No keyword with name 'Variable presented' found.</msg>
<status status="FAIL" endtime="20140205 13:41:12.326" starttime="20140205 13:41:12.325"></status>
</kw>
<doc>Jméno exchange ve které se budou objevovat odpovědi z Alephu. Odpovědi na import dat.</doc>
<tags>
</tags>
<status status="FAIL" endtime="20140205 13:41:12.326" critical="yes" starttime="20140205 13:41:12.325">No keyword with name 'Variable presented' found.</status>
</test>
<test id="s1-s1-t7" name="Konfigurace pro vstupní exchange v RabbitMQ pro dotazy">
<kw type="kw" name="Variable presented">
<doc></doc>
<arguments>
<arg>src/edeposit/amqp/aleph/settings.py</arg>
<arg>INPUT_EXCHANGE_FOR_ALEPH_SEARCH</arg>
</arguments>
<msg timestamp="20140205 13:41:12.327" level="FAIL">No keyword with name 'Variable presented' found.</msg>
<status status="FAIL" endtime="20140205 13:41:12.327" starttime="20140205 13:41:12.326"></status>
</kw>
<doc>Jméno exchange, kam se budou posílat žádosti na dotazy do Alephu</doc>
<tags>
</tags>
<status status="FAIL" endtime="20140205 13:41:12.327" critical="yes" starttime="20140205 13:41:12.326">No keyword with name 'Variable presented' found.</status>
</test>
<test id="s1-s1-t8" name="Konfigurace pro exchange v RabbitMQ pro odpovědi na dotazy do Alephu">
<kw type="kw" name="Variable presented">
<doc></doc>
<arguments>
<arg>src/edeposit/amqp/aleph/settings.py</arg>
<arg>OUTPUT_EXCHANGE_FOR_ALEPH_SEARCH_RESPONSE</arg>
</arguments>
<msg timestamp="20140205 13:41:12.328" level="FAIL">No keyword with name 'Variable presented' found.</msg>
<status status="FAIL" endtime="20140205 13:41:12.328" starttime="20140205 13:41:12.328"></status>
</kw>
<doc>Jméno exchange ve které se budou objevovat odpovědi z Alephu. Odpovědi na dotazy do Alephu.</doc>
<tags>
</tags>
<status status="FAIL" endtime="20140205 13:41:12.328" critical="yes" starttime="20140205 13:41:12.327">No keyword with name 'Variable presented' found.</status>
</test>
<doc></doc>
<metadata>
</metadata>
<status status="FAIL" endtime="20140205 13:41:12.328" starttime="20140205 13:41:12.265"></status>
</suite>
<suite source="/home/jan/work/edeposit.amqp.aleph/src/edeposit/amqp/aleph/tests/test_export.txt" id="s1-s2" name="Test Export">
<test id="s1-s2-t1" name="Export ePublikace do Alephu">
<kw type="kw" name="OperatingSystem.Empty Directory">
<doc>Deletes all the content (incl. subdirectories) from the given directory.</doc>
<arguments>
<arg>${PATH_OF_EXPORT_DIRECTORY}</arg>
</arguments>
<msg timestamp="20140205 13:41:12.342" level="FAIL">Non-existing variable '${PATH_OF_EXPORT_DIRECTORY}'.</msg>
<status status="FAIL" endtime="20140205 13:41:12.342" starttime="20140205 13:41:12.342"></status>
</kw>
<doc>Modul pošle data do Exchange v RabbitMQ</doc>
<tags>
</tags>
<status status="FAIL" endtime="20140205 13:41:12.342" critical="yes" starttime="20140205 13:41:12.341">Non-existing variable '${PATH_OF_EXPORT_DIRECTORY}'.</status>
</test>
<doc></doc>
<metadata>
<item name="name">"Použití knihovny"</item>
</metadata>
<status status="FAIL" endtime="20140205 13:41:12.343" starttime="20140205 13:41:12.329"></status>
</suite>
<suite source="/home/jan/work/edeposit.amqp.aleph/src/edeposit/amqp/aleph/tests/test_installation.txt" id="s1-s3" name="Test Installation">
<test id="s1-s3-t1" name="PYPI repozitář">
<kw type="kw" name="HttpLibrary.HTTP.GET">
<doc>Issues a HTTP GET request.</doc>
<arguments>
<arg>${PACKAGE_URL}</arg>
</arguments>
<msg timestamp="20140205 13:41:12.404" level="INFO">Host for next HTTP request set to 'pypi.python.org'</msg>
<msg timestamp="20140205 13:41:12.405" level="INFO">Scheme for next HTTP request set to 'https'</msg>
<msg timestamp="20140205 13:41:12.957" level="FAIL">Request should have succeeded, but was "404 Not Found ()".</msg>
<status status="FAIL" endtime="20140205 13:41:12.957" starttime="20140205 13:41:12.404"></status>
</kw>
<doc></doc>
<tags>
</tags>
<status status="FAIL" endtime="20140205 13:41:12.957" critical="yes" starttime="20140205 13:41:12.404">Request should have succeeded, but was "404 Not Found ()".</status>
</test>
<doc></doc>
<metadata>
</metadata>
<status status="FAIL" endtime="20140205 13:41:12.958" starttime="20140205 13:41:12.343"></status>
</suite>
<suite source="/home/jan/work/edeposit.amqp.aleph/src/edeposit/amqp/aleph/tests/test_search.txt" id="s1-s4" name="Test Search">
<test id="s1-s4-t1" name="Dotaz na dokument se zadaným ISBN">
<kw type="kw" name="Žádost má správný typ">
<doc></doc>
<arguments>
</arguments>
<kw type="kw" name="BuiltIn.Log">
<doc>Logs the given message with the given level.</doc>
<arguments>
<arg>ahoj</arg>
</arguments>
<msg timestamp="20140205 13:41:12.965" level="INFO">ahoj</msg>
<status status="PASS" endtime="20140205 13:41:12.965" starttime="20140205 13:41:12.965"></status>
</kw>
<status status="PASS" endtime="20140205 13:41:12.965" starttime="20140205 13:41:12.964"></status>
</kw>
<kw type="kw" name="Odeslání žádosti modulem">
<doc></doc>
<arguments>
</arguments>
<kw type="kw" name="Is type of">
<doc></doc>
<arguments>
<arg>${search_request}</arg>
<arg>${edeposit.amqp.aleph.AlephQuery}</arg>
</arguments>
<msg timestamp="20140205 13:41:12.966" level="FAIL">No keyword with name 'Is type of' found.</msg>
<status status="FAIL" endtime="20140205 13:41:12.966" starttime="20140205 13:41:12.966"></status>
</kw>
<status status="FAIL" endtime="20140205 13:41:12.966" starttime="20140205 13:41:12.965"></status>
</kw>
<doc></doc>
<tags>
</tags>
<status status="FAIL" endtime="20140205 13:41:12.966" critical="yes" starttime="20140205 13:41:12.964">No keyword with name 'Is type of' found.</status>
</test>
<test id="s1-s4-t2" name="Dotaz zda je ISBN uz použito">
<kw type="kw" name="Žádost o kontrolu ISBN má správný typ">
<doc></doc>
<arguments>
</arguments>
<msg timestamp="20140205 13:41:12.967" level="FAIL">User keyword 'Žádost o kontrolu ISBN má správný typ' contains no keywords.</msg>
<status status="FAIL" endtime="20140205 13:41:12.967" starttime="20140205 13:41:12.967"></status>
</kw>
<doc>modul se dotáže na isbn záznamy. Jestli existují, vrátí odpověd, že ANO. Jinak NE.</doc>
<tags>
</tags>
<status status="FAIL" endtime="20140205 13:41:12.967" critical="yes" starttime="20140205 13:41:12.966">User keyword 'Žádost o kontrolu ISBN má správný typ' contains no keywords.</status>
</test>
<doc></doc>
<metadata>
<item name="name">"Použití knihovny"</item>
</metadata>
<status status="FAIL" endtime="20140205 13:41:12.968" starttime="20140205 13:41:12.958"></status>
</suite>
<doc></doc>
<metadata>
</metadata>
<status status="FAIL" endtime="20140205 13:41:12.969" starttime="20140205 13:41:12.244"></status>
</suite>
<statistics>
<total>
<stat fail="11" pass="1">Critical Tests</stat>
<stat fail="11" pass="1">All Tests</stat>
</total>
<tag>
</tag>
<suite>
<stat fail="11" pass="1" id="s1" name="Tests">Tests</stat>
<stat fail="7" pass="1" id="s1-s1" name="Test Configuration">Tests.Test Configuration</stat>
<stat fail="1" pass="0" id="s1-s2" name="Test Export">Tests.Test Export</stat>
<stat fail="1" pass="0" id="s1-s3" name="Test Installation">Tests.Test Installation</stat>
<stat fail="2" pass="0" id="s1-s4" name="Test Search">Tests.Test Search</stat>
</suite>
</statistics>
<errors>
<msg timestamp="20140205 13:41:12.309" level="ERROR">Error in file '/home/jan/work/edeposit.amqp.aleph/src/edeposit/amqp/aleph/tests/test_configuration.txt': Importing test library 'inspector.Inspector' failed: TypeError: __new__() got an unexpected keyword argument 'subeditionNumber'
Traceback (most recent call last):
  File "/home/jan/work/edeposit.amqp.aleph/src/edeposit/amqp/aleph/tests/inspector.py", line 11, in &lt;module&gt;
    import variables
  File "/home/jan/work/edeposit.amqp.aleph/src/edeposit/amqp/aleph/tests/variables.py", line 60, in &lt;module&gt;
    originalFiles=[],
PYTHONPATH:
  /home/jan/work/edeposit.amqp.aleph/src
  /home/jan/work/edeposit.amqp.aleph/src/edeposit/amqp/aleph/tests
  /usr/local/lib/python2.7/dist-packages/robot/libraries
  /usr/local/lib/python2.7/dist-packages/templer.core-1.0b4-py2.7.egg
  /usr/local/lib/python2.7/dist-packages/Cheetah-2.2.1-py2.7-linux-x86_64.egg
  /usr/local/lib/python2.7/dist-packages
  /usr/local/bin
  /usr/lib/python2.7
  /usr/lib/python2.7/plat-x86_64-linux-gnu
  /usr/lib/python2.7/lib-tk
  /usr/lib/python2.7/lib-old
  /usr/lib/python2.7/lib-dynload
  /usr/lib/python2.7/dist-packages
  /usr/lib/python2.7/dist-packages/PILcompat
  /usr/lib/python2.7/dist-packages/gtk-2.0
  /usr/lib/pymodules/python2.7
  /usr/lib/python2.7/dist-packages/ubuntu-sso-client
  /usr/lib/python2.7/dist-packages/ubuntuone-client
  /usr/lib/python2.7/dist-packages/ubuntuone-control-panel
  /usr/lib/python2.7/dist-packages/ubuntuone-storage-protocol
  .
  /home/jan/work/edeposit.amqp.aleph</msg>
<msg timestamp="20140205 13:41:12.319" level="ERROR">Error in file '/home/jan/work/edeposit.amqp.aleph/src/edeposit/amqp/aleph/tests/test_configuration.txt': Importing variable file '/home/jan/work/edeposit.amqp.aleph/src/edeposit/amqp/aleph/tests/variables.py' failed: TypeError: __new__() got an unexpected keyword argument 'subeditionNumber'
Traceback (most recent call last):
  File "/home/jan/work/edeposit.amqp.aleph/src/edeposit/amqp/aleph/tests/variables.py", line 60, in &lt;module&gt;
    originalFiles=[],
PYTHONPATH:
  /home/jan/work/edeposit.amqp.aleph/src
  /home/jan/work/edeposit.amqp.aleph/src/edeposit/amqp/aleph/tests
  /usr/local/lib/python2.7/dist-packages/robot/libraries
  /usr/local/lib/python2.7/dist-packages/templer.core-1.0b4-py2.7.egg
  /usr/local/lib/python2.7/dist-packages/Cheetah-2.2.1-py2.7-linux-x86_64.egg
  /usr/local/lib/python2.7/dist-packages
  /usr/local/bin
  /usr/lib/python2.7
  /usr/lib/python2.7/plat-x86_64-linux-gnu
  /usr/lib/python2.7/lib-tk
  /usr/lib/python2.7/lib-old
  /usr/lib/python2.7/lib-dynload
  /usr/lib/python2.7/dist-packages
  /usr/lib/python2.7/dist-packages/PILcompat
  /usr/lib/python2.7/dist-packages/gtk-2.0
  /usr/lib/pymodules/python2.7
  /usr/lib/python2.7/dist-packages/ubuntu-sso-client
  /usr/lib/python2.7/dist-packages/ubuntuone-client
  /usr/lib/python2.7/dist-packages/ubuntuone-control-panel
  /usr/lib/python2.7/dist-packages/ubuntuone-storage-protocol
  .
  /home/jan/work/edeposit.amqp.aleph</msg>
<msg timestamp="20140205 13:41:12.333" level="ERROR">Error in file '/home/jan/work/edeposit.amqp.aleph/src/edeposit/amqp/aleph/tests/test_export.txt': Importing test library 'inspector.Inspector' failed: TypeError: __new__() got an unexpected keyword argument 'subeditionNumber'
Traceback (most recent call last):
  File "/home/jan/work/edeposit.amqp.aleph/src/edeposit/amqp/aleph/tests/inspector.py", line 11, in &lt;module&gt;
    import variables
  File "/home/jan/work/edeposit.amqp.aleph/src/edeposit/amqp/aleph/tests/variables.py", line 60, in &lt;module&gt;
    originalFiles=[],
PYTHONPATH:
  /home/jan/work/edeposit.amqp.aleph/src
  /home/jan/work/edeposit.amqp.aleph/src/edeposit/amqp/aleph/tests
  /usr/local/lib/python2.7/dist-packages/robot/libraries
  /usr/local/lib/python2.7/dist-packages/templer.core-1.0b4-py2.7.egg
  /usr/local/lib/python2.7/dist-packages/Cheetah-2.2.1-py2.7-linux-x86_64.egg
  /usr/local/lib/python2.7/dist-packages
  /usr/local/bin
  /usr/lib/python2.7
  /usr/lib/python2.7/plat-x86_64-linux-gnu
  /usr/lib/python2.7/lib-tk
  /usr/lib/python2.7/lib-old
  /usr/lib/python2.7/lib-dynload
  /usr/lib/python2.7/dist-packages
  /usr/lib/python2.7/dist-packages/PILcompat
  /usr/lib/python2.7/dist-packages/gtk-2.0
  /usr/lib/pymodules/python2.7
  /usr/lib/python2.7/dist-packages/ubuntu-sso-client
  /usr/lib/python2.7/dist-packages/ubuntuone-client
  /usr/lib/python2.7/dist-packages/ubuntuone-control-panel
  /usr/lib/python2.7/dist-packages/ubuntuone-storage-protocol
  .
  /home/jan/work/edeposit.amqp.aleph</msg>
<msg timestamp="20140205 13:41:12.334" level="ERROR">Error in file '/home/jan/work/edeposit.amqp.aleph/src/edeposit/amqp/aleph/tests/test_export.txt': Importing variable file '/home/jan/work/edeposit.amqp.aleph/src/edeposit/amqp/aleph/tests/variables.py' failed: TypeError: __new__() got an unexpected keyword argument 'subeditionNumber'
Traceback (most recent call last):
  File "/home/jan/work/edeposit.amqp.aleph/src/edeposit/amqp/aleph/tests/variables.py", line 60, in &lt;module&gt;
    originalFiles=[],
PYTHONPATH:
  /home/jan/work/edeposit.amqp.aleph/src
  /home/jan/work/edeposit.amqp.aleph/src/edeposit/amqp/aleph/tests
  /usr/local/lib/python2.7/dist-packages/robot/libraries
  /usr/local/lib/python2.7/dist-packages/templer.core-1.0b4-py2.7.egg
  /usr/local/lib/python2.7/dist-packages/Cheetah-2.2.1-py2.7-linux-x86_64.egg
  /usr/local/lib/python2.7/dist-packages
  /usr/local/bin
  /usr/lib/python2.7
  /usr/lib/python2.7/plat-x86_64-linux-gnu
  /usr/lib/python2.7/lib-tk
  /usr/lib/python2.7/lib-old
  /usr/lib/python2.7/lib-dynload
  /usr/lib/python2.7/dist-packages
  /usr/lib/python2.7/dist-packages/PILcompat
  /usr/lib/python2.7/dist-packages/gtk-2.0
  /usr/lib/pymodules/python2.7
  /usr/lib/python2.7/dist-packages/ubuntu-sso-client
  /usr/lib/python2.7/dist-packages/ubuntuone-client
  /usr/lib/python2.7/dist-packages/ubuntuone-control-panel
  /usr/lib/python2.7/dist-packages/ubuntuone-storage-protocol
  .
  /home/jan/work/edeposit.amqp.aleph</msg>
<msg timestamp="20140205 13:41:12.962" level="ERROR">Error in file '/home/jan/work/edeposit.amqp.aleph/src/edeposit/amqp/aleph/tests/test_search.txt': Importing test library 'inspector.Inspector' failed: TypeError: __new__() got an unexpected keyword argument 'subeditionNumber'
Traceback (most recent call last):
  File "/home/jan/work/edeposit.amqp.aleph/src/edeposit/amqp/aleph/tests/inspector.py", line 11, in &lt;module&gt;
    import variables
  File "/home/jan/work/edeposit.amqp.aleph/src/edeposit/amqp/aleph/tests/variables.py", line 60, in &lt;module&gt;
    originalFiles=[],
PYTHONPATH:
  /home/jan/work/edeposit.amqp.aleph/src
  /home/jan/work/edeposit.amqp.aleph/src/edeposit/amqp/aleph/tests
  /usr/local/lib/python2.7/dist-packages/robot/libraries
  /usr/local/lib/python2.7/dist-packages/templer.core-1.0b4-py2.7.egg
  /usr/local/lib/python2.7/dist-packages/Cheetah-2.2.1-py2.7-linux-x86_64.egg
  /usr/local/lib/python2.7/dist-packages
  /usr/local/bin
  /usr/lib/python2.7
  /usr/lib/python2.7/plat-x86_64-linux-gnu
  /usr/lib/python2.7/lib-tk
  /usr/lib/python2.7/lib-old
  /usr/lib/python2.7/lib-dynload
  /usr/lib/python2.7/dist-packages
  /usr/lib/python2.7/dist-packages/PILcompat
  /usr/lib/python2.7/dist-packages/gtk-2.0
  /usr/lib/pymodules/python2.7
  /usr/lib/python2.7/dist-packages/ubuntu-sso-client
  /usr/lib/python2.7/dist-packages/ubuntuone-client
  /usr/lib/python2.7/dist-packages/ubuntuone-control-panel
  /usr/lib/python2.7/dist-packages/ubuntuone-storage-protocol
  .
  /home/jan/work/edeposit.amqp.aleph</msg>
<msg timestamp="20140205 13:41:12.963" level="ERROR">Error in file '/home/jan/work/edeposit.amqp.aleph/src/edeposit/amqp/aleph/tests/test_search.txt': Importing variable file '/home/jan/work/edeposit.amqp.aleph/src/edeposit/amqp/aleph/tests/variables.py' failed: TypeError: __new__() got an unexpected keyword argument 'subeditionNumber'
Traceback (most recent call last):
  File "/home/jan/work/edeposit.amqp.aleph/src/edeposit/amqp/aleph/tests/variables.py", line 60, in &lt;module&gt;
    originalFiles=[],
PYTHONPATH:
  /home/jan/work/edeposit.amqp.aleph/src
  /home/jan/work/edeposit.amqp.aleph/src/edeposit/amqp/aleph/tests
  /usr/local/lib/python2.7/dist-packages/robot/libraries
  /usr/local/lib/python2.7/dist-packages/templer.core-1.0b4-py2.7.egg
  /usr/local/lib/python2.7/dist-packages/Cheetah-2.2.1-py2.7-linux-x86_64.egg
  /usr/local/lib/python2.7/dist-packages
  /usr/local/bin
  /usr/lib/python2.7
  /usr/lib/python2.7/plat-x86_64-linux-gnu
  /usr/lib/python2.7/lib-tk
  /usr/lib/python2.7/lib-old
  /usr/lib/python2.7/lib-dynload
  /usr/lib/python2.7/dist-packages
  /usr/lib/python2.7/dist-packages/PILcompat
  /usr/lib/python2.7/dist-packages/gtk-2.0
  /usr/lib/pymodules/python2.7
  /usr/lib/python2.7/dist-packages/ubuntu-sso-client
  /usr/lib/python2.7/dist-packages/ubuntuone-client
  /usr/lib/python2.7/dist-packages/ubuntuone-control-panel
  /usr/lib/python2.7/dist-packages/ubuntuone-storage-protocol
  .
  /home/jan/work/edeposit.amqp.aleph</msg>
</errors>
</robot>
